<?xml version="1.0" encoding="UTF-8"?>
<testsuite name="com.josomang.book.springboot.web.ProfileControllerUnitTest" tests="3" skipped="0" failures="0" errors="0" timestamp="2021-11-22T15:04:53" hostname="DESKTOP-2D8MH4Q" time="0.004">
  <properties/>
  <testcase name="active_profile이_없으면_default가_조회된다" classname="com.josomang.book.springboot.web.ProfileControllerUnitTest" time="0.002"/>
  <testcase name="real_profile이_없으면_첫번째가_조회된다" classname="com.josomang.book.springboot.web.ProfileControllerUnitTest" time="0.0"/>
  <testcase name="real_profile이_조회된다" classname="com.josomang.book.springboot.web.ProfileControllerUnitTest" time="0.0"/>
  <system-out><![CDATA[]]></system-out>
  <system-err><![CDATA[]]></system-err>
</testsuite>
