<?xml version="1.0" encoding="UTF-8"?>
<testsuite name="com.josomang.book.springboot.web.HelloControllerTest" tests="2" skipped="0" failures="0" errors="0" timestamp="2021-11-22T14:58:25" hostname="DESKTOP-2D8MH4Q" time="0.25">
  <properties/>
  <testcase name="hello가_리턴된다" classname="com.josomang.book.springboot.web.HelloControllerTest" time="0.124"/>
  <testcase name="helloDto가_리턴된다" classname="com.josomang.book.springboot.web.HelloControllerTest" time="0.125"/>
  <system-out><![CDATA[
  .   ____          _            __ _ _
 /\\ / ___'_ __ _ _(_)_ __  __ _ \ \ \ \
( ( )\___ | '_ | '_| | '_ \/ _` | \ \ \ \
 \\/  ___)| |_)| | | | | || (_| |  ) ) ) )
  '  |____| .__|_| |_|_| |_\__, | / / / /
 =========|_|==============|___/=/_/_/_/
 :: Spring Boot ::        (v2.2.1.RELEASE)

2021-11-22 23:58:23.704  INFO 13768 --- [    Test worker] c.j.b.s.web.HelloControllerTest          : Starting HelloControllerTest on DESKTOP-2D8MH4Q with PID 13768 (started by c in C:\Users\c\IdeaProjects\com.josomang.book)
2021-11-22 23:58:23.705  INFO 13768 --- [    Test worker] c.j.b.s.web.HelloControllerTest          : No active profile set, falling back to default profiles: default
2021-11-22 23:58:24.353  INFO 13768 --- [    Test worker] o.s.s.concurrent.ThreadPoolTaskExecutor  : Initializing ExecutorService 'applicationTaskExecutor'
2021-11-22 23:58:24.406  INFO 13768 --- [    Test worker] o.s.b.a.w.s.WelcomePageHandlerMapping    : Adding welcome page template: index
2021-11-22 23:58:24.698  INFO 13768 --- [    Test worker] .s.s.UserDetailsServiceAutoConfiguration : 

Using generated security password: 96aac057-1c21-4555-9a22-b591b8405e12

2021-11-22 23:58:24.938  INFO 13768 --- [    Test worker] o.s.s.web.DefaultSecurityFilterChain     : Creating filter chain: any request, [org.springframework.security.web.context.request.async.WebAsyncManagerIntegrationFilter@2e42286e, org.springframework.security.web.context.SecurityContextPersistenceFilter@44f3e7b5, org.springframework.security.web.header.HeaderWriterFilter@15027ceb, org.springframework.security.web.csrf.CsrfFilter@f3fd376, org.springframework.security.web.authentication.logout.LogoutFilter@35ba193, org.springframework.security.web.authentication.UsernamePasswordAuthenticationFilter@2c56e8d9, org.springframework.security.web.authentication.ui.DefaultLoginPageGeneratingFilter@37fc314c, org.springframework.security.web.authentication.ui.DefaultLogoutPageGeneratingFilter@62714ba4, org.springframework.security.web.authentication.www.BasicAuthenticationFilter@57bc9c45, org.springframework.security.web.savedrequest.RequestCacheAwareFilter@1d4694c8, org.springframework.security.web.servletapi.SecurityContextHolderAwareRequestFilter@1b2546af, org.springframework.security.web.authentication.AnonymousAuthenticationFilter@511cad1b, org.springframework.security.web.session.SessionManagementFilter@417db106, org.springframework.security.web.access.ExceptionTranslationFilter@64d7a764, org.springframework.security.web.access.intercept.FilterSecurityInterceptor@4bf67e00]
2021-11-22 23:58:25.035  INFO 13768 --- [    Test worker] o.s.b.t.m.w.SpringBootMockServletContext : Initializing Spring TestDispatcherServlet ''
2021-11-22 23:58:25.035  INFO 13768 --- [    Test worker] o.s.t.web.servlet.TestDispatcherServlet  : Initializing Servlet ''
2021-11-22 23:58:25.056  INFO 13768 --- [    Test worker] o.s.t.web.servlet.TestDispatcherServlet  : Completed initialization in 21 ms
2021-11-22 23:58:25.078  INFO 13768 --- [    Test worker] c.j.b.s.web.HelloControllerTest          : Started HelloControllerTest in 1.438 seconds (JVM running for 12.605)
]]></system-out>
  <system-err><![CDATA[]]></system-err>
</testsuite>
