<?xml version="1.0" encoding="UTF-8"?>
<testsuite name="com.josomang.book.springboot.web.ProfileControllerTest" tests="1" skipped="0" failures="0" errors="0" timestamp="2021-11-22T15:04:53" hostname="DESKTOP-2D8MH4Q" time="0.022">
  <properties/>
  <testcase name="profile은_인증없이_호출된다" classname="com.josomang.book.springboot.web.ProfileControllerTest" time="0.022"/>
  <system-out><![CDATA[]]></system-out>
  <system-err><![CDATA[]]></system-err>
</testsuite>
