<?xml version="1.0" encoding="UTF-8"?>
<testsuite name="com.josomang.book.springboot.web.HelloControllerTest" tests="2" skipped="0" failures="0" errors="0" timestamp="2021-09-30T02:59:29" hostname="DESKTOP-2D8MH4Q" time="0.251">
  <properties/>
  <testcase name="hello가_리턴된다" classname="com.josomang.book.springboot.web.HelloControllerTest" time="0.11"/>
  <testcase name="helloDto가_리턴된다" classname="com.josomang.book.springboot.web.HelloControllerTest" time="0.139"/>
  <system-out><![CDATA[
  .   ____          _            __ _ _
 /\\ / ___'_ __ _ _(_)_ __  __ _ \ \ \ \
( ( )\___ | '_ | '_| | '_ \/ _` | \ \ \ \
 \\/  ___)| |_)| | | | | || (_| |  ) ) ) )
  '  |____| .__|_| |_|_| |_\__, | / / / /
 =========|_|==============|___/=/_/_/_/
 :: Spring Boot ::        (v2.2.1.RELEASE)

2021-09-30 11:59:28.601  INFO 12932 --- [    Test worker] c.j.b.s.web.HelloControllerTest          : Starting HelloControllerTest on DESKTOP-2D8MH4Q with PID 12932 (started by c in C:\Users\c\IdeaProjects\com.josomang.book)
2021-09-30 11:59:28.609  INFO 12932 --- [    Test worker] c.j.b.s.web.HelloControllerTest          : No active profile set, falling back to default profiles: default
2021-09-30 11:59:29.236  INFO 12932 --- [    Test worker] o.s.s.concurrent.ThreadPoolTaskExecutor  : Initializing ExecutorService 'applicationTaskExecutor'
2021-09-30 11:59:29.279  INFO 12932 --- [    Test worker] o.s.b.a.w.s.WelcomePageHandlerMapping    : Adding welcome page template: index
2021-09-30 11:59:29.592  INFO 12932 --- [    Test worker] .s.s.UserDetailsServiceAutoConfiguration : 

Using generated security password: 5fd15fdc-38d8-4ddc-a9f0-4c9e8d4e68bd

2021-09-30 11:59:29.831  INFO 12932 --- [    Test worker] o.s.s.web.DefaultSecurityFilterChain     : Creating filter chain: any request, [org.springframework.security.web.context.request.async.WebAsyncManagerIntegrationFilter@48637079, org.springframework.security.web.context.SecurityContextPersistenceFilter@34664b71, org.springframework.security.web.header.HeaderWriterFilter@46b0116d, org.springframework.security.web.csrf.CsrfFilter@77f8071a, org.springframework.security.web.authentication.logout.LogoutFilter@1175f236, org.springframework.security.web.authentication.UsernamePasswordAuthenticationFilter@40fb0790, org.springframework.security.web.authentication.ui.DefaultLoginPageGeneratingFilter@620703d8, org.springframework.security.web.authentication.ui.DefaultLogoutPageGeneratingFilter@6fddf001, org.springframework.security.web.authentication.www.BasicAuthenticationFilter@143dcc57, org.springframework.security.web.savedrequest.RequestCacheAwareFilter@7d2c163d, org.springframework.security.web.servletapi.SecurityContextHolderAwareRequestFilter@3bd14b8c, org.springframework.security.web.authentication.AnonymousAuthenticationFilter@1578c6d9, org.springframework.security.web.session.SessionManagementFilter@388c306e, org.springframework.security.web.access.ExceptionTranslationFilter@71470888, org.springframework.security.web.access.intercept.FilterSecurityInterceptor@766227c5]
2021-09-30 11:59:29.923  INFO 12932 --- [    Test worker] o.s.b.t.m.w.SpringBootMockServletContext : Initializing Spring TestDispatcherServlet ''
2021-09-30 11:59:29.923  INFO 12932 --- [    Test worker] o.s.t.web.servlet.TestDispatcherServlet  : Initializing Servlet ''
2021-09-30 11:59:29.947  INFO 12932 --- [    Test worker] o.s.t.web.servlet.TestDispatcherServlet  : Completed initialization in 24 ms
2021-09-30 11:59:29.980  INFO 12932 --- [    Test worker] c.j.b.s.web.HelloControllerTest          : Started HelloControllerTest in 1.425 seconds (JVM running for 15.17)
]]></system-out>
  <system-err><![CDATA[]]></system-err>
</testsuite>
