<?xml version="1.0" encoding="UTF-8"?>
<testsuite name="com.josomang.book.springboot.web.IndexControllerTest" tests="1" skipped="0" failures="0" errors="0" timestamp="2021-09-30T02:59:33" hostname="DESKTOP-2D8MH4Q" time="0.313">
  <properties/>
  <testcase name="메인페이지_로딩" classname="com.josomang.book.springboot.web.IndexControllerTest" time="0.313"/>
  <system-out><![CDATA[
  .   ____          _            __ _ _
 /\\ / ___'_ __ _ _(_)_ __  __ _ \ \ \ \
( ( )\___ | '_ | '_| | '_ \/ _` | \ \ \ \
 \\/  ___)| |_)| | | | | || (_| |  ) ) ) )
  '  |____| .__|_| |_|_| |_\__, | / / / /
 =========|_|==============|___/=/_/_/_/
 :: Spring Boot ::        (v2.2.1.RELEASE)

2021-09-30 11:59:30.302  INFO 12932 --- [    Test worker] c.j.b.s.web.IndexControllerTest          : Starting IndexControllerTest on DESKTOP-2D8MH4Q with PID 12932 (started by c in C:\Users\c\IdeaProjects\com.josomang.book)
2021-09-30 11:59:30.306  INFO 12932 --- [    Test worker] c.j.b.s.web.IndexControllerTest          : No active profile set, falling back to default profiles: default
2021-09-30 11:59:30.685  INFO 12932 --- [    Test worker] .s.d.r.c.RepositoryConfigurationDelegate : Bootstrapping Spring Data repositories in DEFAULT mode.
2021-09-30 11:59:30.728  INFO 12932 --- [    Test worker] .s.d.r.c.RepositoryConfigurationDelegate : Finished Spring Data repository scanning in 38ms. Found 2 repository interfaces.
2021-09-30 11:59:30.902  INFO 12932 --- [    Test worker] trationDelegate$BeanPostProcessorChecker : Bean 'org.springframework.transaction.annotation.ProxyTransactionManagementConfiguration' of type [org.springframework.transaction.annotation.ProxyTransactionManagementConfiguration] is not eligible for getting processed by all BeanPostProcessors (for example: not eligible for auto-proxying)
2021-09-30 11:59:31.295  INFO 12932 --- [    Test worker] o.s.b.w.embedded.tomcat.TomcatWebServer  : Tomcat initialized with port(s): 0 (http)
2021-09-30 11:59:31.312  INFO 12932 --- [    Test worker] o.apache.catalina.core.StandardService   : Starting service [Tomcat]
2021-09-30 11:59:31.312  INFO 12932 --- [    Test worker] org.apache.catalina.core.StandardEngine  : Starting Servlet engine: [Apache Tomcat/9.0.27]
2021-09-30 11:59:31.621  INFO 12932 --- [    Test worker] o.a.c.c.C.[Tomcat].[localhost].[/]       : Initializing Spring embedded WebApplicationContext
2021-09-30 11:59:31.621  INFO 12932 --- [    Test worker] o.s.web.context.ContextLoader            : Root WebApplicationContext: initialization completed in 1310 ms
2021-09-30 11:59:31.704  INFO 12932 --- [    Test worker] com.zaxxer.hikari.HikariDataSource       : HikariPool-2 - Starting...
2021-09-30 11:59:31.706  INFO 12932 --- [    Test worker] com.zaxxer.hikari.HikariDataSource       : HikariPool-2 - Start completed.
2021-09-30 11:59:31.706  INFO 12932 --- [    Test worker] o.s.b.a.h2.H2ConsoleAutoConfiguration    : H2 console available at '/h2-console'. Database available at 'jdbc:h2:mem:testdb'
2021-09-30 11:59:31.937  INFO 12932 --- [    Test worker] o.hibernate.jpa.internal.util.LogHelper  : HHH000204: Processing PersistenceUnitInfo [name: default]
2021-09-30 11:59:31.945  INFO 12932 --- [    Test worker] org.hibernate.dialect.Dialect            : HHH000400: Using dialect: org.hibernate.dialect.H2Dialect
Hibernate: drop table posts if exists
Hibernate: drop table user if exists
Hibernate: create table posts (id bigint generated by default as identity, created_date timestamp, modified_date timestamp, author varchar(255), content TEXT not null, title varchar(500) not null, primary key (id))
Hibernate: create table user (id bigint generated by default as identity, created_date timestamp, modified_date timestamp, email varchar(255) not null, name varchar(255) not null, picture varchar(255), role varchar(255) not null, primary key (id))
2021-09-30 11:59:32.051  INFO 12932 --- [    Test worker] o.h.e.t.j.p.i.JtaPlatformInitiator       : HHH000490: Using JtaPlatform implementation: [org.hibernate.engine.transaction.jta.platform.internal.NoJtaPlatform]
2021-09-30 11:59:32.051  INFO 12932 --- [    Test worker] j.LocalContainerEntityManagerFactoryBean : Initialized JPA EntityManagerFactory for persistence unit 'default'
2021-09-30 11:59:32.469  WARN 12932 --- [    Test worker] JpaBaseConfiguration$JpaWebConfiguration : spring.jpa.open-in-view is enabled by default. Therefore, database queries may be performed during view rendering. Explicitly configure spring.jpa.open-in-view to disable this warning
2021-09-30 11:59:32.793  INFO 12932 --- [    Test worker] o.s.s.web.DefaultSecurityFilterChain     : Creating filter chain: any request, [org.springframework.security.web.context.request.async.WebAsyncManagerIntegrationFilter@29c42f86, org.springframework.security.web.context.SecurityContextPersistenceFilter@5bf2a3c, org.springframework.security.web.header.HeaderWriterFilter@7b541378, org.springframework.security.web.authentication.logout.LogoutFilter@68e6de20, org.springframework.security.oauth2.client.web.OAuth2AuthorizationRequestRedirectFilter@98c1811, org.springframework.security.oauth2.client.web.OAuth2LoginAuthenticationFilter@17e3b20b, org.springframework.security.web.authentication.ui.DefaultLoginPageGeneratingFilter@41c53986, org.springframework.security.web.authentication.ui.DefaultLogoutPageGeneratingFilter@3a7fbd80, org.springframework.security.web.savedrequest.RequestCacheAwareFilter@2629239f, org.springframework.security.web.servletapi.SecurityContextHolderAwareRequestFilter@2e1fc201, org.springframework.security.web.authentication.AnonymousAuthenticationFilter@535a764e, org.springframework.security.web.session.SessionManagementFilter@1c666f37, org.springframework.security.web.access.ExceptionTranslationFilter@20d06cb8, org.springframework.security.web.access.intercept.FilterSecurityInterceptor@862d271]
2021-09-30 11:59:33.022  INFO 12932 --- [    Test worker] o.s.s.concurrent.ThreadPoolTaskExecutor  : Initializing ExecutorService 'applicationTaskExecutor'
2021-09-30 11:59:33.077  INFO 12932 --- [    Test worker] o.s.b.a.w.s.WelcomePageHandlerMapping    : Adding welcome page template: index
2021-09-30 11:59:33.372  INFO 12932 --- [    Test worker] s.a.ScheduledAnnotationBeanPostProcessor : No TaskScheduler/ScheduledExecutorService bean found for scheduled processing
2021-09-30 11:59:33.407  INFO 12932 --- [    Test worker] o.s.b.w.embedded.tomcat.TomcatWebServer  : Tomcat started on port(s): 65295 (http) with context path ''
2021-09-30 11:59:33.415  INFO 12932 --- [    Test worker] c.j.b.s.web.IndexControllerTest          : Started IndexControllerTest in 3.171 seconds (JVM running for 18.602)
2021-09-30 11:59:33.589  INFO 12932 --- [o-auto-1-exec-1] o.a.c.c.C.[Tomcat].[localhost].[/]       : Initializing Spring DispatcherServlet 'dispatcherServlet'
2021-09-30 11:59:33.590  INFO 12932 --- [o-auto-1-exec-1] o.s.web.servlet.DispatcherServlet        : Initializing Servlet 'dispatcherServlet'
2021-09-30 11:59:33.614  INFO 12932 --- [o-auto-1-exec-1] o.s.web.servlet.DispatcherServlet        : Completed initialization in 23 ms
Hibernate: select posts0_.id as id1_0_, posts0_.created_date as created_2_0_, posts0_.modified_date as modified3_0_, posts0_.author as author4_0_, posts0_.content as content5_0_, posts0_.title as title6_0_ from posts posts0_ order by posts0_.id desc
]]></system-out>
  <system-err><![CDATA[]]></system-err>
</testsuite>
