<?xml version="1.0" encoding="UTF-8"?>
<testsuite name="com.josomang.book.springboot.web.HelloControllerTest" tests="2" skipped="0" failures="0" errors="0" timestamp="2021-11-22T15:04:50" hostname="DESKTOP-2D8MH4Q" time="0.223">
  <properties/>
  <testcase name="hello가_리턴된다" classname="com.josomang.book.springboot.web.HelloControllerTest" time="0.116"/>
  <testcase name="helloDto가_리턴된다" classname="com.josomang.book.springboot.web.HelloControllerTest" time="0.106"/>
  <system-out><![CDATA[
  .   ____          _            __ _ _
 /\\ / ___'_ __ _ _(_)_ __  __ _ \ \ \ \
( ( )\___ | '_ | '_| | '_ \/ _` | \ \ \ \
 \\/  ___)| |_)| | | | | || (_| |  ) ) ) )
  '  |____| .__|_| |_|_| |_\__, | / / / /
 =========|_|==============|___/=/_/_/_/
 :: Spring Boot ::        (v2.2.1.RELEASE)

2021-11-23 00:04:48.822  INFO 10896 --- [    Test worker] c.j.b.s.web.HelloControllerTest          : Starting HelloControllerTest on DESKTOP-2D8MH4Q with PID 10896 (started by c in C:\Users\c\IdeaProjects\com.josomang.book)
2021-11-23 00:04:48.824  INFO 10896 --- [    Test worker] c.j.b.s.web.HelloControllerTest          : No active profile set, falling back to default profiles: default
2021-11-23 00:04:49.393  INFO 10896 --- [    Test worker] o.s.s.concurrent.ThreadPoolTaskExecutor  : Initializing ExecutorService 'applicationTaskExecutor'
2021-11-23 00:04:49.443  INFO 10896 --- [    Test worker] o.s.b.a.w.s.WelcomePageHandlerMapping    : Adding welcome page template: index
2021-11-23 00:04:49.712  INFO 10896 --- [    Test worker] .s.s.UserDetailsServiceAutoConfiguration : 

Using generated security password: 45dec3f8-771f-4172-8c71-2cfc99d46d05

2021-11-23 00:04:49.925  INFO 10896 --- [    Test worker] o.s.s.web.DefaultSecurityFilterChain     : Creating filter chain: any request, [org.springframework.security.web.context.request.async.WebAsyncManagerIntegrationFilter@13290b1e, org.springframework.security.web.context.SecurityContextPersistenceFilter@23fd0696, org.springframework.security.web.header.HeaderWriterFilter@101e92b0, org.springframework.security.web.csrf.CsrfFilter@4329ada2, org.springframework.security.web.authentication.logout.LogoutFilter@2f756894, org.springframework.security.web.authentication.UsernamePasswordAuthenticationFilter@4943a1ed, org.springframework.security.web.authentication.ui.DefaultLoginPageGeneratingFilter@24d48589, org.springframework.security.web.authentication.ui.DefaultLogoutPageGeneratingFilter@b5ddafc, org.springframework.security.web.authentication.www.BasicAuthenticationFilter@57252196, org.springframework.security.web.savedrequest.RequestCacheAwareFilter@1ed7555c, org.springframework.security.web.servletapi.SecurityContextHolderAwareRequestFilter@7a38df24, org.springframework.security.web.authentication.AnonymousAuthenticationFilter@750a7390, org.springframework.security.web.session.SessionManagementFilter@2ace9f9d, org.springframework.security.web.access.ExceptionTranslationFilter@1ed46875, org.springframework.security.web.access.intercept.FilterSecurityInterceptor@58c0209c]
2021-11-23 00:04:50.003  INFO 10896 --- [    Test worker] o.s.b.t.m.w.SpringBootMockServletContext : Initializing Spring TestDispatcherServlet ''
2021-11-23 00:04:50.003  INFO 10896 --- [    Test worker] o.s.t.web.servlet.TestDispatcherServlet  : Initializing Servlet ''
2021-11-23 00:04:50.021  INFO 10896 --- [    Test worker] o.s.t.web.servlet.TestDispatcherServlet  : Completed initialization in 18 ms
2021-11-23 00:04:50.047  INFO 10896 --- [    Test worker] c.j.b.s.web.HelloControllerTest          : Started HelloControllerTest in 1.273 seconds (JVM running for 10.672)
]]></system-out>
  <system-err><![CDATA[]]></system-err>
</testsuite>
