<?xml version="1.0" encoding="UTF-8"?>
<testsuite name="com.josomang.book.springboot.web.HelloControllerTest" tests="2" skipped="0" failures="0" errors="0" timestamp="2021-10-11T13:46:50" hostname="DESKTOP-2D8MH4Q" time="0.327">
  <properties/>
  <testcase name="hello가_리턴된다" classname="com.josomang.book.springboot.web.HelloControllerTest" time="0.157"/>
  <testcase name="helloDto가_리턴된다" classname="com.josomang.book.springboot.web.HelloControllerTest" time="0.169"/>
  <system-out><![CDATA[
  .   ____          _            __ _ _
 /\\ / ___'_ __ _ _(_)_ __  __ _ \ \ \ \
( ( )\___ | '_ | '_| | '_ \/ _` | \ \ \ \
 \\/  ___)| |_)| | | | | || (_| |  ) ) ) )
  '  |____| .__|_| |_|_| |_\__, | / / / /
 =========|_|==============|___/=/_/_/_/
 :: Spring Boot ::        (v2.2.1.RELEASE)

2021-10-11 22:46:48.976  INFO 4108 --- [    Test worker] c.j.b.s.web.HelloControllerTest          : Starting HelloControllerTest on DESKTOP-2D8MH4Q with PID 4108 (started by c in C:\Users\c\IdeaProjects\com.josomang.book)
2021-10-11 22:46:48.979  INFO 4108 --- [    Test worker] c.j.b.s.web.HelloControllerTest          : No active profile set, falling back to default profiles: default
2021-10-11 22:46:49.739  INFO 4108 --- [    Test worker] o.s.s.concurrent.ThreadPoolTaskExecutor  : Initializing ExecutorService 'applicationTaskExecutor'
2021-10-11 22:46:49.811  INFO 4108 --- [    Test worker] o.s.b.a.w.s.WelcomePageHandlerMapping    : Adding welcome page template: index
2021-10-11 22:46:50.161  INFO 4108 --- [    Test worker] .s.s.UserDetailsServiceAutoConfiguration : 

Using generated security password: 72555b4a-7bb7-4af2-beb9-fb9a655a1f6d

2021-10-11 22:46:50.455  INFO 4108 --- [    Test worker] o.s.s.web.DefaultSecurityFilterChain     : Creating filter chain: any request, [org.springframework.security.web.context.request.async.WebAsyncManagerIntegrationFilter@7491adfa, org.springframework.security.web.context.SecurityContextPersistenceFilter@6102edb9, org.springframework.security.web.header.HeaderWriterFilter@53d1b0a9, org.springframework.security.web.csrf.CsrfFilter@7e2bf9d2, org.springframework.security.web.authentication.logout.LogoutFilter@3cb758cd, org.springframework.security.web.authentication.UsernamePasswordAuthenticationFilter@495c3832, org.springframework.security.web.authentication.ui.DefaultLoginPageGeneratingFilter@7dfbc418, org.springframework.security.web.authentication.ui.DefaultLogoutPageGeneratingFilter@6cfdfeac, org.springframework.security.web.authentication.www.BasicAuthenticationFilter@2da53dde, org.springframework.security.web.savedrequest.RequestCacheAwareFilter@3ade54fb, org.springframework.security.web.servletapi.SecurityContextHolderAwareRequestFilter@6454eff1, org.springframework.security.web.authentication.AnonymousAuthenticationFilter@68326520, org.springframework.security.web.session.SessionManagementFilter@753d8172, org.springframework.security.web.access.ExceptionTranslationFilter@72952240, org.springframework.security.web.access.intercept.FilterSecurityInterceptor@7071d6c]
2021-10-11 22:46:50.543  INFO 4108 --- [    Test worker] o.s.b.t.m.w.SpringBootMockServletContext : Initializing Spring TestDispatcherServlet ''
2021-10-11 22:46:50.544  INFO 4108 --- [    Test worker] o.s.t.web.servlet.TestDispatcherServlet  : Initializing Servlet ''
2021-10-11 22:46:50.572  INFO 4108 --- [    Test worker] o.s.t.web.servlet.TestDispatcherServlet  : Completed initialization in 28 ms
2021-10-11 22:46:50.604  INFO 4108 --- [    Test worker] c.j.b.s.web.HelloControllerTest          : Started HelloControllerTest in 1.699 seconds (JVM running for 15.774)
]]></system-out>
  <system-err><![CDATA[]]></system-err>
</testsuite>
